CRITICAL - 2025-07-25 15:27:55 --> Error: Class "Locale" not found
[Method: GET, Route: /]
in SYSTEMPATH/CodeIgniter.php on line 189.
 1 SYSTEMPATH/Boot.php(321): CodeIgniter\CodeIgniter->initialize()
 2 SYSTEMPATH/Boot.php(66): CodeIgniter\Boot::initializeCodeIgniter()
 3 FCPATH/index.php(59): CodeIgniter\Boot::bootWeb(Object(Config\Paths))
CRITICAL - 2025-07-25 15:27:58 --> ErrorException: Uncaught Error: Class "Locale" not found in /var/www/html/vendor/codeigniter4/framework/system/Helpers/number_helper.php:142
Stack trace:
#0 /var/www/html/vendor/codeigniter4/framework/system/Helpers/number_helper.php(60): format_number(4.0, 2, NULL, Array)
#1 /var/www/html/vendor/codeigniter4/framework/system/Debug/BaseExceptionHandler.php(154): number_to_size(4.0, 2)
#2 /var/www/html/app/Views/errors/html/error_exception.php(408): CodeIgniter\Debug\BaseExceptionHandler::describeMemory(4194304)
#3 /var/www/html/vendor/codeigniter4/framework/system/Debug/BaseExceptionHandler.php(266): include('/var/www/html/a...')
#4 /var/www/html/vendor/codeigniter4/framework/system/Debug/BaseExceptionHandler.php(269): CodeIgniter\Debug\BaseExceptionHandler->CodeIgniter\Debug\{closure}()
#5 /var/www/html/vendor/codeigniter4/framework/system/Debug/ExceptionHandler.php(116): CodeIgniter\Debug\BaseExceptionHandler->render(Object(Error), 500, '/var/www/html/a...')
#6 /var/www/html/vendor/codeigniter4/framework/system/Debug/Exceptions.php(162): CodeIgniter\Debug\ExceptionHandler->handle(Object(Error), Object(CodeIgniter\HTTP\IncomingRequest), Object(CodeIgniter\HTTP\Response), 500, 1)
#7 [internal function]: CodeIgniter\Debug\Exceptions->exceptionHandler(Object(Error))
#8 {main}
  thrown
【Previous Exception】
Error
Class "Locale" not found
#0 /var/www/html/vendor/codeigniter4/framework/system/Boot.php(321): CodeIgniter\CodeIgniter->initialize()
#1 /var/www/html/vendor/codeigniter4/framework/system/Boot.php(66): CodeIgniter\Boot::initializeCodeIgniter()
#2 /var/www/html/public/index.php(59): CodeIgniter\Boot::bootWeb(Object(Config\Paths))
#3 {main}
[Method: GET, Route: /]
in SYSTEMPATH/Helpers/number_helper.php on line 142.
 1 [internal function]: CodeIgniter\Debug\Exceptions->shutdownHandler()
CRITICAL - 2025-07-25 18:13:46 --> ErrorException: Undefined variable $title
[Method: GET, Route: /]
in APPPATH/Views/templates/header.php on line 7.
 1 APPPATH/Views/templates/header.php(7): CodeIgniter\Debug\Exceptions->errorHandler(2, 'Undefined variable $title', '/var/www/html/app/Views/templates/header.php', 7)
 2 SYSTEMPATH/View/View.php(224): include('/var/www/html/app/Views/templates/header.php')
 3 SYSTEMPATH/View/View.php(227): CodeIgniter\View\View->CodeIgniter\View\{closure}()
 4 SYSTEMPATH/Common.php(1173): CodeIgniter\View\View->render('templates/header', [], true)
 5 APPPATH/Controllers/Home.php(9): view('templates/header')
 6 SYSTEMPATH/CodeIgniter.php(933): App\Controllers\Home->index()
 7 SYSTEMPATH/CodeIgniter.php(507): CodeIgniter\CodeIgniter->runController(Object(App\Controllers\Home))
 8 SYSTEMPATH/CodeIgniter.php(354): CodeIgniter\CodeIgniter->handleRequest(null, Object(Config\Cache), false)
 9 SYSTEMPATH/Boot.php(334): CodeIgniter\CodeIgniter->run()
10 SYSTEMPATH/Boot.php(67): CodeIgniter\Boot::runCodeIgniter(Object(CodeIgniter\CodeIgniter))
11 FCPATH/index.php(59): CodeIgniter\Boot::bootWeb(Object(Config\Paths))
CRITICAL - 2025-07-25 18:14:21 --> ErrorException: Undefined variable $title
[Method: GET, Route: /]
in APPPATH/Views/templates/header.php on line 7.
 1 APPPATH/Views/templates/header.php(7): CodeIgniter\Debug\Exceptions->errorHandler(2, 'Undefined variable $title', '/var/www/html/app/Views/templates/header.php', 7)
 2 SYSTEMPATH/View/View.php(224): include('/var/www/html/app/Views/templates/header.php')
 3 SYSTEMPATH/View/View.php(227): CodeIgniter\View\View->CodeIgniter\View\{closure}()
 4 SYSTEMPATH/Common.php(1173): CodeIgniter\View\View->render('templates/header', [], true)
 5 APPPATH/Controllers/Home.php(9): view('templates/header')
 6 SYSTEMPATH/CodeIgniter.php(933): App\Controllers\Home->index()
 7 SYSTEMPATH/CodeIgniter.php(507): CodeIgniter\CodeIgniter->runController(Object(App\Controllers\Home))
 8 SYSTEMPATH/CodeIgniter.php(354): CodeIgniter\CodeIgniter->handleRequest(null, Object(Config\Cache), false)
 9 SYSTEMPATH/Boot.php(334): CodeIgniter\CodeIgniter->run()
10 SYSTEMPATH/Boot.php(67): CodeIgniter\Boot::runCodeIgniter(Object(CodeIgniter\CodeIgniter))
11 FCPATH/index.php(59): CodeIgniter\Boot::bootWeb(Object(Config\Paths))
CRITICAL - 2025-07-25 18:17:35 --> ErrorException: Undefined variable $title
[Method: GET, Route: /]
in APPPATH/Views/templates/header.php on line 7.
 1 APPPATH/Views/templates/header.php(7): CodeIgniter\Debug\Exceptions->errorHandler(2, 'Undefined variable $title', '/var/www/html/app/Views/templates/header.php', 7)
 2 SYSTEMPATH/View/View.php(224): include('/var/www/html/app/Views/templates/header.php')
 3 SYSTEMPATH/View/View.php(227): CodeIgniter\View\View->CodeIgniter\View\{closure}()
 4 SYSTEMPATH/Common.php(1173): CodeIgniter\View\View->render('templates/header', [], true)
 5 APPPATH/Controllers/Home.php(9): view('templates/header')
 6 SYSTEMPATH/CodeIgniter.php(933): App\Controllers\Home->index()
 7 SYSTEMPATH/CodeIgniter.php(507): CodeIgniter\CodeIgniter->runController(Object(App\Controllers\Home))
 8 SYSTEMPATH/CodeIgniter.php(354): CodeIgniter\CodeIgniter->handleRequest(null, Object(Config\Cache), false)
 9 SYSTEMPATH/Boot.php(334): CodeIgniter\CodeIgniter->run()
10 SYSTEMPATH/Boot.php(67): CodeIgniter\Boot::runCodeIgniter(Object(CodeIgniter\CodeIgniter))
11 FCPATH/index.php(59): CodeIgniter\Boot::bootWeb(Object(Config\Paths))
CRITICAL - 2025-07-25 18:19:08 --> ErrorException: Undefined variable $title
[Method: GET, Route: /]
in APPPATH/Views/templates/header.php on line 7.
 1 APPPATH/Views/templates/header.php(7): CodeIgniter\Debug\Exceptions->errorHandler(2, 'Undefined variable $title', '/var/www/html/app/Views/templates/header.php', 7)
 2 SYSTEMPATH/View/View.php(224): include('/var/www/html/app/Views/templates/header.php')
 3 SYSTEMPATH/View/View.php(227): CodeIgniter\View\View->CodeIgniter\View\{closure}()
 4 SYSTEMPATH/Common.php(1173): CodeIgniter\View\View->render('templates/header', [], true)
 5 APPPATH/Controllers/Home.php(9): view('templates/header')
 6 SYSTEMPATH/CodeIgniter.php(933): App\Controllers\Home->index()
 7 SYSTEMPATH/CodeIgniter.php(507): CodeIgniter\CodeIgniter->runController(Object(App\Controllers\Home))
 8 SYSTEMPATH/CodeIgniter.php(354): CodeIgniter\CodeIgniter->handleRequest(null, Object(Config\Cache), false)
 9 SYSTEMPATH/Boot.php(334): CodeIgniter\CodeIgniter->run()
10 SYSTEMPATH/Boot.php(67): CodeIgniter\Boot::runCodeIgniter(Object(CodeIgniter\CodeIgniter))
11 FCPATH/index.php(59): CodeIgniter\Boot::bootWeb(Object(Config\Paths))
CRITICAL - 2025-07-25 18:26:03 --> ErrorException: Undefined variable $data
[Method: GET, Route: /]
in APPPATH/Controllers/Home.php on line 9.
 1 APPPATH/Controllers/Home.php(9): CodeIgniter\Debug\Exceptions->errorHandler(2, 'Undefined variable $data', '/var/www/html/app/Controllers/Home.php', 9)
 2 SYSTEMPATH/CodeIgniter.php(933): App\Controllers\Home->index()
 3 SYSTEMPATH/CodeIgniter.php(507): CodeIgniter\CodeIgniter->runController(Object(App\Controllers\Home))
 4 SYSTEMPATH/CodeIgniter.php(354): CodeIgniter\CodeIgniter->handleRequest(null, Object(Config\Cache), false)
 5 SYSTEMPATH/Boot.php(334): CodeIgniter\CodeIgniter->run()
 6 SYSTEMPATH/Boot.php(67): CodeIgniter\Boot::runCodeIgniter(Object(CodeIgniter\CodeIgniter))
 7 FCPATH/index.php(59): CodeIgniter\Boot::bootWeb(Object(Config\Paths))
CRITICAL - 2025-07-25 18:27:34 --> ErrorException: Undefined variable $title
[Method: GET, Route: /]
in APPPATH/Views/templates/header.php on line 7.
 1 APPPATH/Views/templates/header.php(7): CodeIgniter\Debug\Exceptions->errorHandler(2, 'Undefined variable $title', '/var/www/html/app/Views/templates/header.php', 7)
 2 SYSTEMPATH/View/View.php(224): include('/var/www/html/app/Views/templates/header.php')
 3 SYSTEMPATH/View/View.php(227): CodeIgniter\View\View->CodeIgniter\View\{closure}()
 4 SYSTEMPATH/Common.php(1173): CodeIgniter\View\View->render('templates/header', [], true)
 5 APPPATH/Controllers/Home.php(9): view('templates/header')
 6 SYSTEMPATH/CodeIgniter.php(933): App\Controllers\Home->index()
 7 SYSTEMPATH/CodeIgniter.php(507): CodeIgniter\CodeIgniter->runController(Object(App\Controllers\Home))
 8 SYSTEMPATH/CodeIgniter.php(354): CodeIgniter\CodeIgniter->handleRequest(null, Object(Config\Cache), false)
 9 SYSTEMPATH/Boot.php(334): CodeIgniter\CodeIgniter->run()
10 SYSTEMPATH/Boot.php(67): CodeIgniter\Boot::runCodeIgniter(Object(CodeIgniter\CodeIgniter))
11 FCPATH/index.php(59): CodeIgniter\Boot::bootWeb(Object(Config\Paths))
CRITICAL - 2025-07-25 18:27:43 --> ErrorException: Undefined variable $title
[Method: GET, Route: /]
in APPPATH/Views/templates/header.php on line 7.
 1 APPPATH/Views/templates/header.php(7): CodeIgniter\Debug\Exceptions->errorHandler(2, 'Undefined variable $title', '/var/www/html/app/Views/templates/header.php', 7)
 2 SYSTEMPATH/View/View.php(224): include('/var/www/html/app/Views/templates/header.php')
 3 SYSTEMPATH/View/View.php(227): CodeIgniter\View\View->CodeIgniter\View\{closure}()
 4 SYSTEMPATH/Common.php(1173): CodeIgniter\View\View->render('templates/header', [], true)
 5 APPPATH/Controllers/Home.php(9): view('templates/header')
 6 SYSTEMPATH/CodeIgniter.php(933): App\Controllers\Home->index()
 7 SYSTEMPATH/CodeIgniter.php(507): CodeIgniter\CodeIgniter->runController(Object(App\Controllers\Home))
 8 SYSTEMPATH/CodeIgniter.php(354): CodeIgniter\CodeIgniter->handleRequest(null, Object(Config\Cache), false)
 9 SYSTEMPATH/Boot.php(334): CodeIgniter\CodeIgniter->run()
10 SYSTEMPATH/Boot.php(67): CodeIgniter\Boot::runCodeIgniter(Object(CodeIgniter\CodeIgniter))
11 FCPATH/index.php(59): CodeIgniter\Boot::bootWeb(Object(Config\Paths))
